2024-12-11T11:49:50.189Z - info: Initialization success.
2024-12-11T11:49:56.670Z - info: Website generation started at 7:49:56 pm
2024-12-11T11:49:57.033Z - info: Building assets...
2024-12-11T11:49:57.316Z - info: Assets built
2024-12-11T11:49:57.316Z - info: Generating pages...
2024-12-11T11:49:57.493Z - info: Pages built
2024-12-11T11:49:57.627Z - info: Site data built
2024-12-11T11:49:57.628Z - info: Website generation complete! Total build time: 0.974s
2024-12-11T11:49:57.659Z - info: Serving "C:\Users\javie\Projects\pdfix\_site" at http://127.0.0.1:8080
2024-12-11T11:49:57.659Z - info: Press CTRL+C to stop ...
2024-12-11T11:50:16.773Z - info: [7:50:16 pm] Reload for file add: C:\Users\javie\Projects\pdfix\docs\contents\topic1.md
2024-12-11T11:50:16.775Z - info: [7:50:16 pm] Reload for file add: C:\Users\javie\Projects\pdfix\docs\contents\topic2.md
2024-12-11T11:50:16.776Z - info: [7:50:16 pm] Reload for file add: C:\Users\javie\Projects\pdfix\docs\contents\topic3a.md
2024-12-11T11:50:16.777Z - info: [7:50:16 pm] Reload for file add: C:\Users\javie\Projects\pdfix\docs\contents\topic3b.md
2024-12-11T11:50:16.879Z - info: [7:50:16 pm] Reload for file deletion: C:\Users\javie\Projects\pdfix\contents\topic1.md
2024-12-11T11:50:16.880Z - info: [7:50:16 pm] Reload for file deletion: C:\Users\javie\Projects\pdfix\contents\topic2.md
2024-12-11T11:50:16.880Z - info: [7:50:16 pm] Reload for file deletion: C:\Users\javie\Projects\pdfix\contents\topic3a.md
2024-12-11T11:50:16.880Z - info: [7:50:16 pm] Reload for file deletion: C:\Users\javie\Projects\pdfix\contents\topic3b.md
2024-12-11T11:50:17.789Z - info: Pages or site config modified, updating pages...
2024-12-11T11:50:18.806Z - debug: Assets removed
2024-12-11T11:50:18.808Z - warn: Rebuilding all pages...
2024-12-11T11:50:18.809Z - info: Generating pages...
2024-12-11T11:50:18.966Z - warn: You might have an invalid intra-link! Ignore this warning if it was intended.
'/contents/topic1.html' found in file 'C:\Users\javie\Projects\pdfix\_markbind\layouts\default.md'
2024-12-11T11:50:18.967Z - warn: You might have an invalid intra-link! Ignore this warning if it was intended.
'/contents/topic2.html' found in file 'C:\Users\javie\Projects\pdfix\_markbind\layouts\default.md'
2024-12-11T11:50:18.967Z - warn: You might have an invalid intra-link! Ignore this warning if it was intended.
'/contents/topic3a.html' found in file 'C:\Users\javie\Projects\pdfix\_markbind\layouts\default.md'
2024-12-11T11:50:18.968Z - warn: You might have an invalid intra-link! Ignore this warning if it was intended.
'/contents/topic3b.html' found in file 'C:\Users\javie\Projects\pdfix\_markbind\layouts\default.md'
2024-12-11T11:50:18.969Z - info: Pages built
2024-12-11T11:51:07.925Z - info: Website generation started at 7:51:07 pm
2024-12-11T11:51:07.994Z - info: Building assets...
2024-12-11T11:51:08.006Z - info: Assets built
2024-12-11T11:51:08.007Z - info: Generating pages...
2024-12-11T11:51:08.188Z - info: Pages built
2024-12-11T11:51:08.326Z - info: Site data built
2024-12-11T11:51:08.326Z - info: Website generation complete! Total build time: 0.466s
2024-12-11T11:51:08.353Z - info: Serving "C:\Users\javie\Projects\pdfix\docs\_site" at http://127.0.0.1:8080
2024-12-11T11:51:08.354Z - info: Press CTRL+C to stop ...
2024-12-11T12:02:20.939Z - info: [8:02:20 pm] Reload for file change: C:\Users\javie\Projects\pdfix\docs\index.md
2024-12-11T12:02:21.950Z - info: Rebuilding 1 pages
2024-12-11T12:02:21.987Z - info: Site data built
2024-12-11T12:02:21.988Z - info: Pages rebuilt
2024-12-11T12:02:21.988Z - info: Website regeneration complete! Total build time: 0.039s
2024-12-11T12:02:32.026Z - info: [8:02:32 pm] Reload for file change: C:\Users\javie\Projects\pdfix\docs\index.md
2024-12-11T12:02:33.041Z - info: Rebuilding 1 pages
2024-12-11T12:02:33.070Z - info: Site data built
2024-12-11T12:02:33.071Z - info: Pages rebuilt
2024-12-11T12:02:33.071Z - info: Website regeneration complete! Total build time: 0.031s
2024-12-11T12:02:40.298Z - info: [8:02:40 pm] Reload for file change: C:\Users\javie\Projects\pdfix\docs\index.md
2024-12-11T12:02:41.308Z - info: Rebuilding 1 pages
2024-12-11T12:02:41.342Z - info: Site data built
2024-12-11T12:02:41.342Z - info: Pages rebuilt
2024-12-11T12:02:41.342Z - info: Website regeneration complete! Total build time: 0.035s
2024-12-11T12:04:17.524Z - info: [8:04:17 pm] Reload for file change: C:\Users\javie\Projects\pdfix\docs\index.md
2024-12-11T12:04:18.526Z - info: Rebuilding 1 pages
2024-12-11T12:04:18.558Z - info: Site data built
2024-12-11T12:04:18.559Z - info: Pages rebuilt
2024-12-11T12:04:18.559Z - info: Website regeneration complete! Total build time: 0.034s
2024-12-11T12:05:11.220Z - info: [8:05:11 pm] Reload for file change: C:\Users\javie\Projects\pdfix\docs\index.md
2024-12-11T12:05:12.223Z - info: Rebuilding 1 pages
2024-12-11T12:05:12.251Z - info: Site data built
2024-12-11T12:05:12.251Z - info: Pages rebuilt
2024-12-11T12:05:12.251Z - info: Website regeneration complete! Total build time: 0.029s
2024-12-11T12:06:02.053Z - info: [8:06:02 pm] Reload for file change: C:\Users\javie\Projects\pdfix\docs\index.md
2024-12-11T12:06:03.057Z - info: Rebuilding 1 pages
2024-12-11T12:06:03.091Z - info: Site data built
2024-12-11T12:06:03.091Z - info: Pages rebuilt
2024-12-11T12:06:03.091Z - info: Website regeneration complete! Total build time: 0.035s
2024-12-11T12:06:51.325Z - info: [8:06:51 pm] Reload for file change: C:\Users\javie\Projects\pdfix\docs\index.md
2024-12-11T12:06:52.337Z - info: Rebuilding 1 pages
2024-12-11T12:06:52.367Z - info: Site data built
2024-12-11T12:06:52.367Z - info: Pages rebuilt
2024-12-11T12:06:52.367Z - info: Website regeneration complete! Total build time: 0.03s
2024-12-11T12:07:35.105Z - info: [8:07:35 pm] Reload for file change: C:\Users\javie\Projects\pdfix\docs\index.md
2024-12-11T12:07:36.115Z - info: Rebuilding 1 pages
2024-12-11T12:07:36.143Z - info: Site data built
2024-12-11T12:07:36.144Z - info: Pages rebuilt
2024-12-11T12:07:36.144Z - info: Website regeneration complete! Total build time: 0.03s
2024-12-11T12:10:16.292Z - info: [8:10:16 pm] Reload for file change: C:\Users\javie\Projects\pdfix\docs\index.md
2024-12-11T12:10:17.302Z - info: Rebuilding 1 pages
2024-12-11T12:10:17.334Z - info: Site data built
2024-12-11T12:10:17.334Z - info: Pages rebuilt
2024-12-11T12:10:17.334Z - info: Website regeneration complete! Total build time: 0.033s
2024-12-11T12:14:45.816Z - info: [8:14:45 pm] Reload for file change: C:\Users\javie\Projects\pdfix\docs\index.md
2024-12-11T12:14:46.834Z - info: Rebuilding 1 pages
2024-12-11T12:14:46.874Z - info: Site data built
2024-12-11T12:14:46.874Z - info: Pages rebuilt
2024-12-11T12:14:46.874Z - info: Website regeneration complete! Total build time: 0.042s
2024-12-11T12:15:57.570Z - info: [8:15:57 pm] Reload for file change: C:\Users\javie\Projects\pdfix\docs\index.md
2024-12-11T12:15:58.572Z - info: Rebuilding 1 pages
2024-12-11T12:15:58.606Z - info: Site data built
2024-12-11T12:15:58.606Z - info: Pages rebuilt
2024-12-11T12:15:58.606Z - info: Website regeneration complete! Total build time: 0.035s
2024-12-11T12:16:01.943Z - info: [8:16:01 pm] Reload for file change: C:\Users\javie\Projects\pdfix\docs\index.md
2024-12-11T12:16:02.947Z - info: Rebuilding 1 pages
2024-12-11T12:16:02.972Z - info: Site data built
2024-12-11T12:16:02.972Z - info: Pages rebuilt
2024-12-11T12:16:02.972Z - info: Website regeneration complete! Total build time: 0.026s
2024-12-11T12:16:36.273Z - info: [8:16:36 pm] Reload for file change: C:\Users\javie\Projects\pdfix\docs\index.md
2024-12-11T12:16:37.282Z - info: Rebuilding 1 pages
2024-12-11T12:16:37.314Z - info: Site data built
2024-12-11T12:16:37.315Z - info: Pages rebuilt
2024-12-11T12:16:37.315Z - info: Website regeneration complete! Total build time: 0.034s
2024-12-11T12:16:57.634Z - info: [8:16:57 pm] Reload for file change: C:\Users\javie\Projects\pdfix\docs\index.md
2024-12-11T12:16:58.638Z - info: Rebuilding 1 pages
2024-12-11T12:16:58.673Z - info: Site data built
2024-12-11T12:16:58.673Z - info: Pages rebuilt
2024-12-11T12:16:58.674Z - info: Website regeneration complete! Total build time: 0.036s
2024-12-11T12:17:08.135Z - info: [8:17:08 pm] Reload for file change: C:\Users\javie\Projects\pdfix\docs\index.md
2024-12-11T12:17:09.140Z - info: Rebuilding 1 pages
2024-12-11T12:17:09.173Z - info: Site data built
2024-12-11T12:17:09.173Z - info: Pages rebuilt
2024-12-11T12:17:09.174Z - info: Website regeneration complete! Total build time: 0.034s
2024-12-11T12:17:21.666Z - info: [8:17:21 pm] Reload for file change: C:\Users\javie\Projects\pdfix\docs\index.md
2024-12-11T12:17:22.683Z - info: Rebuilding 1 pages
2024-12-11T12:17:22.716Z - info: Site data built
2024-12-11T12:17:22.716Z - info: Pages rebuilt
2024-12-11T12:17:22.716Z - info: Website regeneration complete! Total build time: 0.034s
2024-12-11T12:17:47.381Z - info: [8:17:47 pm] Reload for file change: C:\Users\javie\Projects\pdfix\docs\index.md
2024-12-11T12:17:48.395Z - info: Rebuilding 1 pages
2024-12-11T12:17:48.421Z - info: Site data built
2024-12-11T12:17:48.422Z - info: Pages rebuilt
2024-12-11T12:17:48.422Z - info: Website regeneration complete! Total build time: 0.028s
2024-12-11T12:18:38.697Z - info: [8:18:38 pm] Reload for file change: C:\Users\javie\Projects\pdfix\docs\index.md
2024-12-11T12:18:39.708Z - info: Rebuilding 1 pages
2024-12-11T12:18:39.756Z - info: Site data built
2024-12-11T12:18:39.756Z - info: Pages rebuilt
2024-12-11T12:18:39.756Z - info: Website regeneration complete! Total build time: 0.049s
2024-12-11T12:19:17.597Z - info: [8:19:17 pm] Reload for file change: C:\Users\javie\Projects\pdfix\docs\index.md
2024-12-11T12:19:18.611Z - info: Rebuilding 1 pages
2024-12-11T12:19:18.643Z - info: Site data built
2024-12-11T12:19:18.643Z - info: Pages rebuilt
2024-12-11T12:19:18.644Z - info: Website regeneration complete! Total build time: 0.033s
2024-12-11T12:19:29.857Z - info: [8:19:29 pm] Reload for file change: C:\Users\javie\Projects\pdfix\docs\index.md
2024-12-11T12:19:30.859Z - info: Rebuilding 1 pages
2024-12-11T12:19:30.893Z - info: Site data built
2024-12-11T12:19:30.893Z - info: Pages rebuilt
2024-12-11T12:19:30.893Z - info: Website regeneration complete! Total build time: 0.035s
2024-12-11T12:19:50.014Z - info: [8:19:50 pm] Reload for file change: C:\Users\javie\Projects\pdfix\docs\index.md
2024-12-11T12:19:51.032Z - info: Rebuilding 1 pages
2024-12-11T12:19:51.059Z - info: Site data built
2024-12-11T12:19:51.059Z - info: Pages rebuilt
2024-12-11T12:19:51.059Z - info: Website regeneration complete! Total build time: 0.028s
2024-12-11T12:19:59.542Z - info: [8:19:59 pm] Reload for file change: C:\Users\javie\Projects\pdfix\docs\index.md
2024-12-11T12:20:00.545Z - info: Rebuilding 1 pages
2024-12-11T12:20:00.577Z - info: Site data built
2024-12-11T12:20:00.577Z - info: Pages rebuilt
2024-12-11T12:20:00.578Z - info: Website regeneration complete! Total build time: 0.032s
2024-12-11T12:20:19.421Z - info: [8:20:19 pm] Reload for file change: C:\Users\javie\Projects\pdfix\docs\index.md
2024-12-11T12:20:20.430Z - info: Rebuilding 1 pages
2024-12-11T12:20:20.460Z - info: Site data built
2024-12-11T12:20:20.460Z - info: Pages rebuilt
2024-12-11T12:20:20.460Z - info: Website regeneration complete! Total build time: 0.03s
2024-12-11T12:20:23.496Z - info: [8:20:23 pm] Reload for file change: C:\Users\javie\Projects\pdfix\docs\index.md
2024-12-11T12:20:24.508Z - info: Rebuilding 1 pages
2024-12-11T12:20:24.536Z - info: Site data built
2024-12-11T12:20:24.536Z - info: Pages rebuilt
2024-12-11T12:20:24.537Z - info: Website regeneration complete! Total build time: 0.03s
2024-12-11T12:20:37.756Z - info: [8:20:37 pm] Reload for file change: C:\Users\javie\Projects\pdfix\docs\index.md
2024-12-11T12:20:38.772Z - info: Rebuilding 1 pages
2024-12-11T12:20:38.805Z - info: Site data built
2024-12-11T12:20:38.805Z - info: Pages rebuilt
2024-12-11T12:20:38.806Z - info: Website regeneration complete! Total build time: 0.035s
2024-12-11T12:20:46.017Z - info: [8:20:46 pm] Reload for file change: C:\Users\javie\Projects\pdfix\docs\index.md
2024-12-11T12:20:47.024Z - info: Rebuilding 1 pages
2024-12-11T12:20:47.057Z - info: Site data built
2024-12-11T12:20:47.058Z - info: Pages rebuilt
2024-12-11T12:20:47.058Z - info: Website regeneration complete! Total build time: 0.035s
2024-12-11T12:20:53.721Z - info: [8:20:53 pm] Reload for file change: C:\Users\javie\Projects\pdfix\docs\index.md
2024-12-11T12:20:54.723Z - info: Rebuilding 1 pages
2024-12-11T12:20:54.754Z - info: Site data built
2024-12-11T12:20:54.754Z - info: Pages rebuilt
2024-12-11T12:20:54.755Z - info: Website regeneration complete! Total build time: 0.032s
2024-12-11T12:20:55.977Z - info: [8:20:55 pm] Reload for file change: C:\Users\javie\Projects\pdfix\docs\index.md
2024-12-11T12:20:56.981Z - info: Rebuilding 1 pages
2024-12-11T12:20:57.013Z - info: Site data built
2024-12-11T12:20:57.013Z - info: Pages rebuilt
2024-12-11T12:20:57.014Z - info: Website regeneration complete! Total build time: 0.033s
2024-12-11T12:21:09.265Z - info: [8:21:09 pm] Reload for file change: C:\Users\javie\Projects\pdfix\docs\index.md
2024-12-11T12:21:10.280Z - info: Rebuilding 1 pages
2024-12-11T12:21:10.310Z - info: Site data built
2024-12-11T12:21:10.310Z - info: Pages rebuilt
2024-12-11T12:21:10.310Z - info: Website regeneration complete! Total build time: 0.031s
2024-12-11T12:21:18.586Z - info: [8:21:18 pm] Reload for file change: C:\Users\javie\Projects\pdfix\docs\index.md
2024-12-11T12:21:19.599Z - info: Rebuilding 1 pages
2024-12-11T12:21:19.630Z - info: Site data built
2024-12-11T12:21:19.630Z - info: Pages rebuilt
2024-12-11T12:21:19.630Z - info: Website regeneration complete! Total build time: 0.032s
2024-12-11T12:21:23.977Z - info: [8:21:23 pm] Reload for file change: C:\Users\javie\Projects\pdfix\docs\index.md
2024-12-11T12:21:24.990Z - info: Rebuilding 1 pages
2024-12-11T12:21:25.018Z - info: Site data built
2024-12-11T12:21:25.018Z - info: Pages rebuilt
2024-12-11T12:21:25.019Z - info: Website regeneration complete! Total build time: 0.029s
2024-12-11T12:21:29.747Z - info: [8:21:29 pm] Reload for file change: C:\Users\javie\Projects\pdfix\docs\index.md
2024-12-11T12:21:30.754Z - info: Rebuilding 1 pages
2024-12-11T12:21:30.788Z - info: Site data built
2024-12-11T12:21:30.789Z - info: Pages rebuilt
2024-12-11T12:21:30.789Z - info: Website regeneration complete! Total build time: 0.035s
2024-12-11T12:21:35.382Z - info: [8:21:35 pm] Reload for file change: C:\Users\javie\Projects\pdfix\docs\index.md
2024-12-11T12:21:36.390Z - info: Rebuilding 1 pages
2024-12-11T12:21:36.420Z - info: Site data built
2024-12-11T12:21:36.421Z - info: Pages rebuilt
2024-12-11T12:21:36.421Z - info: Website regeneration complete! Total build time: 0.032s
2024-12-11T12:22:29.296Z - info: [8:22:29 pm] Reload for file add: C:\Users\javie\Projects\pdfix\docs\contents\typicalWorkflow.md
2024-12-11T12:22:30.310Z - info: Pages or site config modified, updating pages...
2024-12-11T12:22:31.327Z - warn: Rebuilding all pages...
2024-12-11T12:22:31.328Z - info: Generating pages...
2024-12-11T12:22:31.481Z - info: Pages built
2024-12-11T12:22:34.186Z - info: [8:22:34 pm] Reload for file change: C:\Users\javie\Projects\pdfix\docs\contents\typicalWorkflow.md
2024-12-11T12:22:35.192Z - info: Rebuilding 1 pages
2024-12-11T12:22:35.214Z - info: Site data built
2024-12-11T12:22:35.214Z - info: Pages rebuilt
2024-12-11T12:22:35.214Z - info: Website regeneration complete! Total build time: 0.023s
2024-12-11T12:22:41.505Z - info: [8:22:41 pm] Reload for file change: C:\Users\javie\Projects\pdfix\docs\contents\typicalWorkflow.md
2024-12-11T12:22:42.520Z - info: Rebuilding 1 pages
2024-12-11T12:22:42.543Z - info: Site data built
2024-12-11T12:22:42.543Z - info: Pages rebuilt
2024-12-11T12:22:42.544Z - info: Website regeneration complete! Total build time: 0.024s
2024-12-11T12:22:47.400Z - info: [8:22:47 pm] Reload for file change: C:\Users\javie\Projects\pdfix\docs\contents\typicalWorkflow.md
2024-12-11T12:22:48.415Z - info: Rebuilding 1 pages
2024-12-11T12:22:48.441Z - info: Site data built
2024-12-11T12:22:48.441Z - info: Pages rebuilt
2024-12-11T12:22:48.441Z - info: Website regeneration complete! Total build time: 0.027s
2024-12-11T12:24:12.456Z - info: [8:24:12 pm] Reload for file change: C:\Users\javie\Projects\pdfix\docs\_markbind\layouts\default.md
2024-12-11T12:24:13.472Z - info: Rebuilding 6 pages
2024-12-11T12:24:13.630Z - info: Site data built
2024-12-11T12:24:13.631Z - info: Pages rebuilt
2024-12-11T12:24:13.631Z - info: Website regeneration complete! Total build time: 0.159s
2024-12-11T12:24:20.424Z - info: [8:24:20 pm] Reload for file deletion: C:\Users\javie\Projects\pdfix\docs\contents\topic1.md
2024-12-11T12:24:21.435Z - info: Pages or site config modified, updating pages...
2024-12-11T12:24:22.451Z - debug: Assets removed
2024-12-11T12:24:22.452Z - warn: Rebuilding all pages...
2024-12-11T12:24:22.452Z - info: Generating pages...
2024-12-11T12:24:22.542Z - warn: You might have an invalid intra-link! Ignore this warning if it was intended.
'/contents/topic1.html' found in file 'C:\Users\javie\Projects\pdfix\docs\_markbind\layouts\default.md'
2024-12-11T12:24:22.544Z - info: Pages built
2024-12-11T12:24:54.244Z - info: [8:24:54 pm] Reload for file change: C:\Users\javie\Projects\pdfix\docs\contents\typicalWorkflow.md
2024-12-11T12:24:55.256Z - info: Rebuilding 1 pages
2024-12-11T12:24:55.286Z - info: Site data built
2024-12-11T12:24:55.286Z - info: Pages rebuilt
2024-12-11T12:24:55.286Z - info: Website regeneration complete! Total build time: 0.031s
2024-12-11T12:24:59.049Z - info: [8:24:59 pm] Reload for file change: C:\Users\javie\Projects\pdfix\docs\contents\typicalWorkflow.md
2024-12-11T12:25:00.057Z - info: Rebuilding 1 pages
2024-12-11T12:25:00.083Z - info: Site data built
2024-12-11T12:25:00.083Z - info: Pages rebuilt
2024-12-11T12:25:00.083Z - info: Website regeneration complete! Total build time: 0.027s
2024-12-11T12:26:27.740Z - info: [8:26:27 pm] Reload for file change: C:\Users\javie\Projects\pdfix\docs\contents\typicalWorkflow.md
2024-12-11T12:26:28.745Z - info: Rebuilding 1 pages
2024-12-11T12:26:28.770Z - info: Site data built
2024-12-11T12:26:28.770Z - info: Pages rebuilt
2024-12-11T12:26:28.770Z - info: Website regeneration complete! Total build time: 0.026s
2024-12-11T13:48:14.703Z - info: Website generation started at 9:48:14 pm
2024-12-11T13:48:14.759Z - info: Building assets...
2024-12-11T13:48:14.774Z - info: Assets built
2024-12-11T13:48:14.775Z - info: Generating pages...
2024-12-11T13:48:14.937Z - warn: You might have an invalid intra-link! Ignore this warning if it was intended.
'/contents/topic1.html' found in file 'C:\Users\javie\Projects\pdfix\docs\_markbind\layouts\default.md'
2024-12-11T13:48:14.939Z - info: Pages built
2024-12-11T13:48:15.076Z - info: Site data built
2024-12-11T13:48:15.076Z - info: Website generation complete! Total build time: 0.436s
2024-12-11T13:48:15.111Z - info: Serving "C:\Users\javie\Projects\pdfix\docs\_site" at http://127.0.0.1:8080
2024-12-11T13:48:15.112Z - info: Press CTRL+C to stop ...
2024-12-11T13:48:43.485Z - info: [9:48:43 pm] Reload for file change: C:\Users\javie\Projects\pdfix\docs\contents\typicalWorkflow.md
2024-12-11T13:48:44.504Z - info: Rebuilding 1 pages
2024-12-11T13:48:44.545Z - info: Site data built
2024-12-11T13:48:44.545Z - info: Pages rebuilt
2024-12-11T13:48:44.545Z - info: Website regeneration complete! Total build time: 0.042s
2024-12-11T13:49:02.483Z - info: [9:49:02 pm] Reload for file change: C:\Users\javie\Projects\pdfix\docs\contents\typicalWorkflow.md
2024-12-11T13:49:03.498Z - info: Rebuilding 1 pages
2024-12-11T13:49:03.534Z - info: Site data built
2024-12-11T13:49:03.535Z - info: Pages rebuilt
2024-12-11T13:49:03.535Z - info: Website regeneration complete! Total build time: 0.038s
2024-12-11T13:49:14.150Z - info: [9:49:14 pm] Reload for file change: C:\Users\javie\Projects\pdfix\docs\contents\typicalWorkflow.md
2024-12-11T13:49:15.160Z - info: Rebuilding 1 pages
2024-12-11T13:49:15.189Z - info: Site data built
2024-12-11T13:49:15.189Z - info: Pages rebuilt
2024-12-11T13:49:15.189Z - info: Website regeneration complete! Total build time: 0.03s
2024-12-11T13:49:30.330Z - info: [9:49:30 pm] Reload for file change: C:\Users\javie\Projects\pdfix\docs\contents\typicalWorkflow.md
2024-12-11T13:49:31.346Z - info: Rebuilding 1 pages
2024-12-11T13:49:31.379Z - info: Site data built
2024-12-11T13:49:31.380Z - info: Pages rebuilt
2024-12-11T13:49:31.380Z - info: Website regeneration complete! Total build time: 0.035s
2024-12-11T13:50:01.679Z - info: [9:50:01 pm] Reload for file change: C:\Users\javie\Projects\pdfix\docs\contents\typicalWorkflow.md
2024-12-11T13:50:02.691Z - info: Rebuilding 1 pages
2024-12-11T13:50:02.722Z - info: Site data built
2024-12-11T13:50:02.722Z - info: Pages rebuilt
2024-12-11T13:50:02.722Z - info: Website regeneration complete! Total build time: 0.032s
2024-12-11T13:50:09.101Z - info: [9:50:09 pm] Reload for file change: C:\Users\javie\Projects\pdfix\docs\contents\typicalWorkflow.md
2024-12-11T13:50:10.111Z - info: Rebuilding 1 pages
2024-12-11T13:50:10.140Z - info: Site data built
2024-12-11T13:50:10.140Z - info: Pages rebuilt
2024-12-11T13:50:10.140Z - info: Website regeneration complete! Total build time: 0.03s
2024-12-11T13:50:18.669Z - info: [9:50:18 pm] Reload for file change: C:\Users\javie\Projects\pdfix\docs\contents\typicalWorkflow.md
2024-12-11T13:50:19.675Z - info: Rebuilding 1 pages
2024-12-11T13:50:19.706Z - info: Site data built
2024-12-11T13:50:19.706Z - info: Pages rebuilt
2024-12-11T13:50:19.707Z - info: Website regeneration complete! Total build time: 0.032s
2024-12-11T13:50:45.332Z - info: [9:50:45 pm] Reload for file change: C:\Users\javie\Projects\pdfix\docs\contents\typicalWorkflow.md
2024-12-11T13:50:46.337Z - info: Rebuilding 1 pages
2024-12-11T13:50:46.369Z - info: Site data built
2024-12-11T13:50:46.370Z - info: Pages rebuilt
2024-12-11T13:50:46.370Z - info: Website regeneration complete! Total build time: 0.034s
2024-12-11T14:03:35.309Z - info: [10:03:35 pm] Reload for file add: C:\Users\javie\Projects\pdfix\docs\images\Screenshot 2024-12-11 220245.png
2024-12-11T14:03:36.333Z - info: Assets built
2024-12-11T14:03:45.343Z - info: [10:03:45 pm] Reload for file add: C:\Users\javie\Projects\pdfix\docs\images\typicalWorkflow.png
2024-12-11T14:03:45.438Z - info: [10:03:45 pm] Reload for file deletion: C:\Users\javie\Projects\pdfix\docs\images\Screenshot 2024-12-11 220245.png
2024-12-11T14:03:46.364Z - info: Assets built
2024-12-11T14:03:46.450Z - debug: Assets removed
2024-12-11T15:45:35.707Z - info: Website generation started at 11:45:35 pm
2024-12-11T15:45:35.782Z - info: Building assets...
2024-12-11T15:45:35.797Z - info: Assets built
2024-12-11T15:45:35.797Z - info: Generating pages...
2024-12-11T15:45:35.962Z - warn: You might have an invalid intra-link! Ignore this warning if it was intended.
'/contents/topic1.html' found in file 'C:\Users\javie\Projects\pdfix\docs\_markbind\layouts\default.md'
2024-12-11T15:45:35.964Z - info: Pages built
2024-12-11T15:45:36.136Z - info: Site data built
2024-12-11T15:45:36.137Z - info: Website generation complete! Total build time: 0.478s
2024-12-11T15:45:36.164Z - info: Serving "C:\Users\javie\Projects\pdfix\docs\_site" at http://127.0.0.1:8080
2024-12-11T15:45:36.164Z - info: Press CTRL+C to stop ...
2024-12-11T15:46:40.681Z - info: [11:46:40 pm] Reload for file add: C:\Users\javie\Projects\pdfix\docs\images\openPdfInViewer.png
2024-12-11T15:46:40.789Z - info: [11:46:40 pm] Reload for file deletion: C:\Users\javie\Projects\pdfix\docs\images\typicalWorkflow.png
2024-12-11T15:46:41.704Z - info: Assets built
2024-12-11T15:46:41.806Z - debug: Assets removed
2024-12-11T15:46:47.869Z - info: [11:46:47 pm] Reload for file change: C:\Users\javie\Projects\pdfix\docs\contents\typicalWorkflow.md
2024-12-11T15:46:48.873Z - info: Rebuilding 1 pages
2024-12-11T15:46:48.917Z - info: Site data built
2024-12-11T15:46:48.917Z - info: Pages rebuilt
2024-12-11T15:46:48.918Z - info: Website regeneration complete! Total build time: 0.046s
2024-12-11T15:47:16.167Z - info: [11:47:16 pm] Reload for file change: C:\Users\javie\Projects\pdfix\docs\contents\typicalWorkflow.md
2024-12-11T15:47:17.170Z - info: Rebuilding 1 pages
2024-12-11T15:47:17.203Z - info: Site data built
2024-12-11T15:47:17.203Z - info: Pages rebuilt
2024-12-11T15:47:17.203Z - info: Website regeneration complete! Total build time: 0.034s
2024-12-11T15:47:25.125Z - info: [11:47:25 pm] Reload for file change: C:\Users\javie\Projects\pdfix\docs\contents\typicalWorkflow.md
2024-12-11T15:47:26.135Z - info: Rebuilding 1 pages
2024-12-11T15:47:26.162Z - info: Site data built
2024-12-11T15:47:26.162Z - info: Pages rebuilt
2024-12-11T15:47:26.162Z - info: Website regeneration complete! Total build time: 0.028s
2024-12-11T15:47:31.165Z - info: [11:47:31 pm] Reload for file change: C:\Users\javie\Projects\pdfix\docs\contents\typicalWorkflow.md
2024-12-11T15:47:32.181Z - info: Rebuilding 1 pages
2024-12-11T15:47:32.207Z - info: Site data built
2024-12-11T15:47:32.208Z - info: Pages rebuilt
2024-12-11T15:47:32.208Z - info: Website regeneration complete! Total build time: 0.029s
2024-12-11T15:47:36.923Z - info: [11:47:36 pm] Reload for file change: C:\Users\javie\Projects\pdfix\docs\contents\typicalWorkflow.md
2024-12-11T15:47:37.935Z - info: Rebuilding 1 pages
2024-12-11T15:47:37.965Z - info: Site data built
2024-12-11T15:47:37.965Z - info: Pages rebuilt
2024-12-11T15:47:37.966Z - info: Website regeneration complete! Total build time: 0.032s
2024-12-11T15:47:48.620Z - info: [11:47:48 pm] Reload for file change: C:\Users\javie\Projects\pdfix\docs\contents\typicalWorkflow.md
2024-12-11T15:47:49.636Z - info: Rebuilding 1 pages
2024-12-11T15:47:49.666Z - info: Site data built
2024-12-11T15:47:49.667Z - info: Pages rebuilt
2024-12-11T15:47:49.667Z - info: Website regeneration complete! Total build time: 0.032s
2024-12-11T15:48:26.033Z - info: [11:48:26 pm] Reload for file change: C:\Users\javie\Projects\pdfix\docs\contents\typicalWorkflow.md
2024-12-11T15:48:27.047Z - info: Rebuilding 1 pages
2024-12-11T15:48:27.075Z - info: Site data built
2024-12-11T15:48:27.076Z - info: Pages rebuilt
2024-12-11T15:48:27.076Z - info: Website regeneration complete! Total build time: 0.031s
2024-12-11T15:49:45.080Z - info: [11:49:45 pm] Reload for file change: C:\Users\javie\Projects\pdfix\docs\contents\typicalWorkflow.md
2024-12-11T15:49:46.084Z - info: Rebuilding 1 pages
2024-12-11T15:49:46.115Z - info: Site data built
2024-12-11T15:49:46.115Z - info: Pages rebuilt
2024-12-11T15:49:46.116Z - info: Website regeneration complete! Total build time: 0.033s
2024-12-11T15:49:59.729Z - info: [11:49:59 pm] Reload for file change: C:\Users\javie\Projects\pdfix\docs\contents\typicalWorkflow.md
2024-12-11T15:50:00.736Z - info: Rebuilding 1 pages
2024-12-11T15:50:00.768Z - info: Site data built
2024-12-11T15:50:00.768Z - info: Pages rebuilt
2024-12-11T15:50:00.768Z - info: Website regeneration complete! Total build time: 0.033s
2024-12-11T15:50:15.625Z - info: [11:50:15 pm] Reload for file change: C:\Users\javie\Projects\pdfix\docs\contents\typicalWorkflow.md
2024-12-11T15:50:16.637Z - info: Rebuilding 1 pages
2024-12-11T15:50:16.665Z - info: Site data built
2024-12-11T15:50:16.665Z - info: Pages rebuilt
2024-12-11T15:50:16.666Z - info: Website regeneration complete! Total build time: 0.029s
2024-12-11T15:50:18.363Z - info: [11:50:18 pm] Reload for file change: C:\Users\javie\Projects\pdfix\docs\contents\typicalWorkflow.md
2024-12-11T15:50:19.366Z - info: Rebuilding 1 pages
2024-12-11T15:50:19.394Z - info: Site data built
2024-12-11T15:50:19.394Z - info: Pages rebuilt
2024-12-11T15:50:19.395Z - info: Website regeneration complete! Total build time: 0.029s
2024-12-11T15:51:37.720Z - info: [11:51:37 pm] Reload for file change: C:\Users\javie\Projects\pdfix\docs\contents\typicalWorkflow.md
2024-12-11T15:51:38.734Z - info: Rebuilding 1 pages
2024-12-11T15:51:38.761Z - info: Site data built
2024-12-11T15:51:38.761Z - info: Pages rebuilt
2024-12-11T15:51:38.762Z - info: Website regeneration complete! Total build time: 0.029s
2024-12-11T15:52:03.213Z - info: [11:52:03 pm] Reload for file change: C:\Users\javie\Projects\pdfix\docs\contents\typicalWorkflow.md
2024-12-11T15:52:04.225Z - info: Rebuilding 1 pages
2024-12-11T15:52:04.252Z - info: Site data built
2024-12-11T15:52:04.253Z - info: Pages rebuilt
2024-12-11T15:52:04.253Z - info: Website regeneration complete! Total build time: 0.029s
2024-12-11T15:52:17.102Z - info: [11:52:17 pm] Reload for file change: C:\Users\javie\Projects\pdfix\docs\contents\typicalWorkflow.md
2024-12-11T15:52:18.116Z - info: Rebuilding 1 pages
2024-12-11T15:52:18.150Z - info: Site data built
2024-12-11T15:52:18.150Z - info: Pages rebuilt
2024-12-11T15:52:18.150Z - info: Website regeneration complete! Total build time: 0.036s
2024-12-11T15:52:22.750Z - info: [11:52:22 pm] Reload for file change: C:\Users\javie\Projects\pdfix\docs\contents\typicalWorkflow.md
2024-12-11T15:52:23.755Z - info: Rebuilding 1 pages
2024-12-11T15:52:23.786Z - info: Site data built
2024-12-11T15:52:23.786Z - info: Pages rebuilt
2024-12-11T15:52:23.786Z - info: Website regeneration complete! Total build time: 0.032s
2024-12-11T15:52:28.757Z - info: [11:52:28 pm] Reload for file change: C:\Users\javie\Projects\pdfix\docs\contents\typicalWorkflow.md
2024-12-11T15:52:29.762Z - info: Rebuilding 1 pages
2024-12-11T15:52:29.788Z - info: Site data built
2024-12-11T15:52:29.789Z - info: Pages rebuilt
2024-12-11T15:52:29.789Z - info: Website regeneration complete! Total build time: 0.028s
2024-12-11T15:52:38.964Z - info: [11:52:38 pm] Reload for file change: C:\Users\javie\Projects\pdfix\docs\contents\typicalWorkflow.md
2024-12-11T15:52:39.971Z - info: Rebuilding 1 pages
2024-12-11T15:52:39.999Z - info: Site data built
2024-12-11T15:52:39.999Z - info: Pages rebuilt
2024-12-11T15:52:39.999Z - info: Website regeneration complete! Total build time: 0.03s
2024-12-11T15:54:17.855Z - info: [11:54:17 pm] Reload for file change: C:\Users\javie\Projects\pdfix\docs\contents\typicalWorkflow.md
2024-12-11T15:54:18.858Z - info: Rebuilding 1 pages
2024-12-11T15:54:18.886Z - info: Site data built
2024-12-11T15:54:18.887Z - info: Pages rebuilt
2024-12-11T15:54:18.887Z - info: Website regeneration complete! Total build time: 0.031s
2024-12-11T15:54:33.359Z - info: [11:54:33 pm] Reload for file change: C:\Users\javie\Projects\pdfix\docs\contents\typicalWorkflow.md
2024-12-11T15:54:34.365Z - info: Rebuilding 1 pages
2024-12-11T15:54:34.390Z - info: Site data built
2024-12-11T15:54:34.391Z - info: Pages rebuilt
2024-12-11T15:54:34.391Z - info: Website regeneration complete! Total build time: 0.028s
2024-12-11T15:54:40.006Z - info: [11:54:40 pm] Reload for file change: C:\Users\javie\Projects\pdfix\docs\contents\typicalWorkflow.md
2024-12-11T15:54:41.012Z - info: Rebuilding 1 pages
2024-12-11T15:54:41.039Z - info: Site data built
2024-12-11T15:54:41.039Z - info: Pages rebuilt
2024-12-11T15:54:41.040Z - info: Website regeneration complete! Total build time: 0.029s
2024-12-11T15:54:48.798Z - info: [11:54:48 pm] Reload for file change: C:\Users\javie\Projects\pdfix\docs\contents\typicalWorkflow.md
2024-12-11T15:54:49.805Z - info: Rebuilding 1 pages
2024-12-11T15:54:49.831Z - info: Site data built
2024-12-11T15:54:49.831Z - info: Pages rebuilt
2024-12-11T15:54:49.831Z - info: Website regeneration complete! Total build time: 0.027s
2024-12-11T15:54:58.181Z - info: [11:54:58 pm] Reload for file change: C:\Users\javie\Projects\pdfix\docs\contents\typicalWorkflow.md
2024-12-11T15:54:59.184Z - info: Rebuilding 1 pages
2024-12-11T15:54:59.208Z - info: Site data built
2024-12-11T15:54:59.209Z - info: Pages rebuilt
2024-12-11T15:54:59.209Z - info: Website regeneration complete! Total build time: 0.026s
2024-12-11T15:55:17.052Z - info: [11:55:17 pm] Reload for file change: C:\Users\javie\Projects\pdfix\docs\contents\typicalWorkflow.md
2024-12-11T15:55:18.057Z - info: Rebuilding 1 pages
2024-12-11T15:55:18.084Z - info: Site data built
2024-12-11T15:55:18.084Z - info: Pages rebuilt
2024-12-11T15:55:18.085Z - info: Website regeneration complete! Total build time: 0.03s
2024-12-11T15:55:43.438Z - info: [11:55:43 pm] Reload for file change: C:\Users\javie\Projects\pdfix\docs\contents\typicalWorkflow.md
2024-12-11T15:55:44.440Z - info: Rebuilding 1 pages
2024-12-11T15:55:44.464Z - info: Site data built
2024-12-11T15:55:44.464Z - info: Pages rebuilt
2024-12-11T15:55:44.464Z - info: Website regeneration complete! Total build time: 0.025s
2024-12-11T15:55:52.679Z - info: [11:55:52 pm] Reload for file change: C:\Users\javie\Projects\pdfix\docs\contents\typicalWorkflow.md
2024-12-11T15:55:53.686Z - info: Rebuilding 1 pages
2024-12-11T15:55:53.712Z - info: Site data built
2024-12-11T15:55:53.712Z - info: Pages rebuilt
2024-12-11T15:55:53.712Z - info: Website regeneration complete! Total build time: 0.027s
2024-12-11T15:56:16.457Z - info: [11:56:16 pm] Reload for file change: C:\Users\javie\Projects\pdfix\docs\contents\typicalWorkflow.md
2024-12-11T15:56:17.466Z - info: Rebuilding 1 pages
2024-12-11T15:56:17.489Z - info: Site data built
2024-12-11T15:56:17.489Z - info: Pages rebuilt
2024-12-11T15:56:17.489Z - info: Website regeneration complete! Total build time: 0.024s
2024-12-11T15:56:57.284Z - info: [11:56:57 pm] Reload for file change: C:\Users\javie\Projects\pdfix\docs\contents\typicalWorkflow.md
2024-12-11T15:56:58.291Z - info: Rebuilding 1 pages
2024-12-11T15:56:58.315Z - info: Site data built
2024-12-11T15:56:58.316Z - info: Pages rebuilt
2024-12-11T15:56:58.316Z - info: Website regeneration complete! Total build time: 0.026s
2024-12-11T15:57:41.270Z - info: [11:57:41 pm] Reload for file add: C:\Users\javie\Projects\pdfix\docs\contents\commands.md
2024-12-11T15:57:42.287Z - info: Pages or site config modified, updating pages...
2024-12-11T15:57:43.297Z - warn: Rebuilding all pages...
2024-12-11T15:57:43.298Z - info: Generating pages...
2024-12-11T15:57:43.441Z - warn: You might have an invalid intra-link! Ignore this warning if it was intended.
'/contents/topic1.html' found in file 'C:\Users\javie\Projects\pdfix\docs\_markbind\layouts\default.md'
2024-12-11T15:57:43.444Z - info: Pages built
2024-12-11T15:57:46.546Z - info: [11:57:46 pm] Reload for file change: C:\Users\javie\Projects\pdfix\docs\contents\commands.md
2024-12-11T15:57:47.550Z - info: Rebuilding 1 pages
2024-12-11T15:57:47.572Z - info: Site data built
2024-12-11T15:57:47.573Z - info: Pages rebuilt
2024-12-11T15:57:47.573Z - info: Website regeneration complete! Total build time: 0.024s
2024-12-11T15:57:52.646Z - info: [11:57:52 pm] Reload for file change: C:\Users\javie\Projects\pdfix\docs\contents\commands.md
2024-12-11T15:57:53.651Z - info: Rebuilding 1 pages
2024-12-11T15:57:53.672Z - info: Site data built
2024-12-11T15:57:53.672Z - info: Pages rebuilt
2024-12-11T15:57:53.672Z - info: Website regeneration complete! Total build time: 0.022s
2024-12-11T15:57:56.275Z - info: [11:57:56 pm] Reload for file deletion: C:\Users\javie\Projects\pdfix\docs\contents\topic2.md
2024-12-11T15:57:57.284Z - info: Pages or site config modified, updating pages...
2024-12-11T15:57:58.294Z - debug: Assets removed
2024-12-11T15:57:58.295Z - warn: Rebuilding all pages...
2024-12-11T15:57:58.295Z - info: Generating pages...
2024-12-11T15:57:58.394Z - warn: You might have an invalid intra-link! Ignore this warning if it was intended.
'/contents/topic1.html' found in file 'C:\Users\javie\Projects\pdfix\docs\_markbind\layouts\default.md'
2024-12-11T15:57:58.395Z - warn: You might have an invalid intra-link! Ignore this warning if it was intended.
'/contents/topic2.html' found in file 'C:\Users\javie\Projects\pdfix\docs\_markbind\layouts\default.md'
2024-12-11T15:57:58.398Z - info: Pages built
2024-12-11T15:57:58.893Z - info: [11:57:58 pm] Reload for file deletion: C:\Users\javie\Projects\pdfix\docs\contents\topic3a.md
2024-12-11T15:57:59.911Z - info: Pages or site config modified, updating pages...
2024-12-11T15:58:00.923Z - debug: Assets removed
2024-12-11T15:58:00.924Z - warn: Rebuilding all pages...
2024-12-11T15:58:00.924Z - info: Generating pages...
2024-12-11T15:58:00.935Z - error:  Error: template not found: contents/topic3b.md
    at createTemplate (C:\Users\javie\AppData\Roaming\npm\node_modules\markbind-cli\node_modules\@markbind\core\src\patches\nunjucks\load-event.js:96:13)
    at next (C:\Users\javie\AppData\Roaming\npm\node_modules\markbind-cli\node_modules\nunjucks\src\lib.js:260:7)
    at handle (C:\Users\javie\AppData\Roaming\npm\node_modules\markbind-cli\node_modules\@markbind\core\src\patches\nunjucks\load-event.js:135:9)
    at C:\Users\javie\AppData\Roaming\npm\node_modules\markbind-cli\node_modules\@markbind\core\src\patches\nunjucks\load-event.js:145:7
    at next (C:\Users\javie\AppData\Roaming\npm\node_modules\markbind-cli\node_modules\nunjucks\src\lib.js:258:7)
    at Object.asyncIter (C:\Users\javie\AppData\Roaming\npm\node_modules\markbind-cli\node_modules\nunjucks\src\lib.js:263:3)
    at Environment.getTemplate (C:\Users\javie\AppData\Roaming\npm\node_modules\markbind-cli\node_modules\@markbind\core\src\patches\nunjucks\load-event.js:127:7)
    at Environment.render (C:\Users\javie\AppData\Roaming\npm\node_modules\markbind-cli\node_modules\@markbind\core\src\patches\nunjucks\context-overrides-frame.js:48:8)
    at VariableRenderer.renderFile (C:\Users\javie\AppData\Roaming\npm\node_modules\markbind-cli\node_modules\@markbind\core\src\variables\VariableRenderer.js:73:24)
    at VariableProcessor.renderWithSiteVariables (C:\Users\javie\AppData\Roaming\npm\node_modules\markbind-cli\node_modules\@markbind\core\src\variables\VariableProcessor.js:154:57)
    at Page.<anonymous> (C:\Users\javie\AppData\Roaming\npm\node_modules\markbind-cli\node_modules\@markbind\core\src\Page\index.js:494:45)
    at Generator.next (<anonymous>)
    at C:\Users\javie\AppData\Roaming\npm\node_modules\markbind-cli\node_modules\@markbind\core\src\Page\index.js:31:71
    at new Promise (<anonymous>)
    at __awaiter (C:\Users\javie\AppData\Roaming\npm\node_modules\markbind-cli\node_modules\@markbind\core\src\Page\index.js:27:12)
    at Page.generate (C:\Users\javie\AppData\Roaming\npm\node_modules\markbind-cli\node_modules\@markbind\core\src\Page\index.js:477:16)
2024-12-11T15:58:00.937Z - warn:  Error: Error while generating C:\Users\javie\Projects\pdfix\docs\contents\topic3b.md
    at Site.<anonymous> (C:\Users\javie\AppData\Roaming\npm\node_modules\markbind-cli\node_modules\@markbind\core\src\Site\index.js:971:28)
    at Generator.throw (<anonymous>)
    at rejected (C:\Users\javie\AppData\Roaming\npm\node_modules\markbind-cli\node_modules\@markbind\core\src\Site\index.js:29:65)
2024-12-11T15:58:00.949Z - info: [11:58:00 pm] Reload for file deletion: C:\Users\javie\Projects\pdfix\docs\contents\topic3b.md
2024-12-11T15:58:01.022Z - error: Failed to copy asset markbind-plugin-tree.css for plugin markbind-plugin-tree
Error: ENOENT: no such file or directory, mkdir 'C:\Users\javie\Projects\pdfix\docs\_site\plugins\markbind-plugin-tree'
2024-12-11T15:58:01.023Z - error: Failed to copy asset markbind-plugin-anchors.css for plugin markbind-plugin-anchors
Error: ENOENT: no such file or directory, mkdir 'C:\Users\javie\Projects\pdfix\docs\_site\plugins\markbind-plugin-anchors'
2024-12-11T15:58:01.968Z - info: Pages or site config modified, updating pages...
2024-12-11T15:58:02.989Z - debug: Assets removed
2024-12-11T15:58:02.989Z - warn: Rebuilding all pages...
2024-12-11T15:58:02.990Z - info: Generating pages...
2024-12-11T15:58:03.050Z - warn: You might have an invalid intra-link! Ignore this warning if it was intended.
'/contents/topic1.html' found in file 'C:\Users\javie\Projects\pdfix\docs\_markbind\layouts\default.md'
2024-12-11T15:58:03.051Z - warn: You might have an invalid intra-link! Ignore this warning if it was intended.
'/contents/topic2.html' found in file 'C:\Users\javie\Projects\pdfix\docs\_markbind\layouts\default.md'
2024-12-11T15:58:03.052Z - warn: You might have an invalid intra-link! Ignore this warning if it was intended.
'/contents/topic3a.html' found in file 'C:\Users\javie\Projects\pdfix\docs\_markbind\layouts\default.md'
2024-12-11T15:58:03.052Z - warn: You might have an invalid intra-link! Ignore this warning if it was intended.
'/contents/topic3b.html' found in file 'C:\Users\javie\Projects\pdfix\docs\_markbind\layouts\default.md'
2024-12-11T15:58:03.054Z - info: Pages built
2024-12-11T15:58:54.509Z - info: [11:58:54 pm] Reload for file change: C:\Users\javie\Projects\pdfix\docs\_markbind\layouts\default.md
2024-12-11T15:58:55.532Z - info: Rebuilding 3 pages
2024-12-11T15:58:55.579Z - warn: You might have an invalid intra-link! Ignore this warning if it was intended.
'/contents/topic1.html' found in file 'C:\Users\javie\Projects\pdfix\docs\_markbind\layouts\default.md'
2024-12-11T15:58:55.579Z - warn: You might have an invalid intra-link! Ignore this warning if it was intended.
'/contents/topic2.html' found in file 'C:\Users\javie\Projects\pdfix\docs\_markbind\layouts\default.md'
2024-12-11T15:58:55.580Z - warn: You might have an invalid intra-link! Ignore this warning if it was intended.
'/contents/topic3a.html' found in file 'C:\Users\javie\Projects\pdfix\docs\_markbind\layouts\default.md'
2024-12-11T15:58:55.580Z - warn: You might have an invalid intra-link! Ignore this warning if it was intended.
'/contents/topic3b.html' found in file 'C:\Users\javie\Projects\pdfix\docs\_markbind\layouts\default.md'
2024-12-11T15:58:55.583Z - info: Site data built
2024-12-11T15:58:55.583Z - info: Pages rebuilt
2024-12-11T15:58:55.583Z - info: Website regeneration complete! Total build time: 0.052s
2024-12-11T15:58:58.643Z - info: [11:58:58 pm] Reload for file change: C:\Users\javie\Projects\pdfix\docs\_markbind\layouts\default.md
2024-12-11T15:58:59.662Z - info: Rebuilding 3 pages
2024-12-11T15:58:59.711Z - warn: You might have an invalid intra-link! Ignore this warning if it was intended.
'/contents/topic1.html' found in file 'C:\Users\javie\Projects\pdfix\docs\_markbind\layouts\default.md'
2024-12-11T15:58:59.712Z - warn: You might have an invalid intra-link! Ignore this warning if it was intended.
'/contents/topic2.html' found in file 'C:\Users\javie\Projects\pdfix\docs\_markbind\layouts\default.md'
2024-12-11T15:58:59.712Z - warn: You might have an invalid intra-link! Ignore this warning if it was intended.
'/contents/topic3a.html' found in file 'C:\Users\javie\Projects\pdfix\docs\_markbind\layouts\default.md'
2024-12-11T15:58:59.713Z - warn: You might have an invalid intra-link! Ignore this warning if it was intended.
'/contents/topic3b.html' found in file 'C:\Users\javie\Projects\pdfix\docs\_markbind\layouts\default.md'
2024-12-11T15:58:59.716Z - info: Site data built
2024-12-11T15:58:59.717Z - info: Pages rebuilt
2024-12-11T15:58:59.717Z - info: Website regeneration complete! Total build time: 0.057s
2024-12-11T15:59:10.949Z - info: Website generation started at 11:59:10 pm
2024-12-11T15:59:11.004Z - info: Building assets...
2024-12-11T15:59:11.020Z - info: Assets built
2024-12-11T15:59:11.020Z - info: Generating pages...
2024-12-11T15:59:11.178Z - warn: You might have an invalid intra-link! Ignore this warning if it was intended.
'/contents/topic1.html' found in file 'C:\Users\javie\Projects\pdfix\docs\_markbind\layouts\default.md'
2024-12-11T15:59:11.179Z - warn: You might have an invalid intra-link! Ignore this warning if it was intended.
'/contents/topic2.html' found in file 'C:\Users\javie\Projects\pdfix\docs\_markbind\layouts\default.md'
2024-12-11T15:59:11.180Z - warn: You might have an invalid intra-link! Ignore this warning if it was intended.
'/contents/topic3a.html' found in file 'C:\Users\javie\Projects\pdfix\docs\_markbind\layouts\default.md'
2024-12-11T15:59:11.180Z - warn: You might have an invalid intra-link! Ignore this warning if it was intended.
'/contents/topic3b.html' found in file 'C:\Users\javie\Projects\pdfix\docs\_markbind\layouts\default.md'
2024-12-11T15:59:11.182Z - info: Pages built
2024-12-11T15:59:11.327Z - info: Site data built
2024-12-11T15:59:11.327Z - info: Website generation complete! Total build time: 0.403s
2024-12-11T15:59:11.356Z - info: Serving "C:\Users\javie\Projects\pdfix\docs\_site" at http://127.0.0.1:8080
2024-12-11T15:59:11.356Z - info: Press CTRL+C to stop ...
2024-12-11T15:59:15.655Z - info: [11:59:15 pm] Reload for file change: C:\Users\javie\Projects\pdfix\docs\_markbind\layouts\default.md
2024-12-11T15:59:16.669Z - info: Rebuilding 3 pages
2024-12-11T15:59:16.731Z - warn: You might have an invalid intra-link! Ignore this warning if it was intended.
'/contents/topic1.html' found in file 'C:\Users\javie\Projects\pdfix\docs\_markbind\layouts\default.md'
2024-12-11T15:59:16.731Z - warn: You might have an invalid intra-link! Ignore this warning if it was intended.
'/contents/topic2.html' found in file 'C:\Users\javie\Projects\pdfix\docs\_markbind\layouts\default.md'
2024-12-11T15:59:16.732Z - warn: You might have an invalid intra-link! Ignore this warning if it was intended.
'/contents/topic3a.html' found in file 'C:\Users\javie\Projects\pdfix\docs\_markbind\layouts\default.md'
2024-12-11T15:59:16.732Z - warn: You might have an invalid intra-link! Ignore this warning if it was intended.
'/contents/topic3b.html' found in file 'C:\Users\javie\Projects\pdfix\docs\_markbind\layouts\default.md'
2024-12-11T15:59:16.737Z - info: Site data built
2024-12-11T15:59:16.737Z - info: Pages rebuilt
2024-12-11T15:59:16.737Z - info: Website regeneration complete! Total build time: 0.069s
2024-12-11T15:59:17.288Z - info: [11:59:17 pm] Reload for file change: C:\Users\javie\Projects\pdfix\docs\_markbind\layouts\default.md
2024-12-11T15:59:18.301Z - info: Rebuilding 3 pages
2024-12-11T15:59:18.358Z - warn: You might have an invalid intra-link! Ignore this warning if it was intended.
'/contents/topic1.html' found in file 'C:\Users\javie\Projects\pdfix\docs\_markbind\layouts\default.md'
2024-12-11T15:59:18.358Z - warn: You might have an invalid intra-link! Ignore this warning if it was intended.
'/contents/topic2.html' found in file 'C:\Users\javie\Projects\pdfix\docs\_markbind\layouts\default.md'
2024-12-11T15:59:18.359Z - warn: You might have an invalid intra-link! Ignore this warning if it was intended.
'/contents/topic3a.html' found in file 'C:\Users\javie\Projects\pdfix\docs\_markbind\layouts\default.md'
2024-12-11T15:59:18.359Z - warn: You might have an invalid intra-link! Ignore this warning if it was intended.
'/contents/topic3b.html' found in file 'C:\Users\javie\Projects\pdfix\docs\_markbind\layouts\default.md'
2024-12-11T15:59:18.370Z - info: Site data built
2024-12-11T15:59:18.370Z - info: Pages rebuilt
2024-12-11T15:59:18.371Z - info: Website regeneration complete! Total build time: 0.071s
