2024-12-11T16:01:14.084Z - info: [12:01:14 am] Reload for file change: C:\Users\javie\Projects\pdfix\docs\contents\commands.md
2024-12-11T16:01:15.093Z - info: Rebuilding 1 pages
2024-12-11T16:01:15.125Z - info: Site data built
2024-12-11T16:01:15.126Z - info: Pages rebuilt
2024-12-11T16:01:15.126Z - info: Website regeneration complete! Total build time: 0.034s
2024-12-11T16:01:22.322Z - info: [12:01:22 am] Reload for file change: C:\Users\javie\Projects\pdfix\docs\contents\commands.md
2024-12-11T16:01:22.781Z - info: [12:01:22 am] Reload for file change: C:\Users\javie\Projects\pdfix\docs\contents\commands.md
2024-12-11T16:01:23.334Z - info: Rebuilding 1 pages
2024-12-11T16:01:23.360Z - info: Site data built
2024-12-11T16:01:23.360Z - info: Pages rebuilt
2024-12-11T16:01:23.361Z - info: Website regeneration complete! Total build time: 0.028s
2024-12-11T16:01:23.403Z - info: [12:01:23 am] Reload for file change: C:\Users\javie\Projects\pdfix\docs\contents\commands.md
2024-12-11T16:01:24.416Z - info: Rebuilding 1 pages
2024-12-11T16:01:24.442Z - info: Site data built
2024-12-11T16:01:24.442Z - info: Pages rebuilt
2024-12-11T16:01:24.442Z - info: Website regeneration complete! Total build time: 0.026s
2024-12-11T16:02:00.175Z - info: [12:02:00 am] Reload for file change: C:\Users\javie\Projects\pdfix\docs\contents\commands.md
2024-12-11T16:02:01.183Z - info: Rebuilding 1 pages
2024-12-11T16:02:01.206Z - info: Site data built
2024-12-11T16:02:01.206Z - info: Pages rebuilt
2024-12-11T16:02:01.206Z - info: Website regeneration complete! Total build time: 0.024s
2024-12-11T16:02:15.053Z - info: [12:02:15 am] Reload for file change: C:\Users\javie\Projects\pdfix\docs\contents\commands.md
2024-12-11T16:02:16.057Z - info: Rebuilding 1 pages
2024-12-11T16:02:16.094Z - info: Site data built
2024-12-11T16:02:16.094Z - info: Pages rebuilt
2024-12-11T16:02:16.094Z - info: Website regeneration complete! Total build time: 0.037s
2024-12-11T16:02:32.719Z - info: [12:02:32 am] Reload for file change: C:\Users\javie\Projects\pdfix\docs\contents\commands.md
2024-12-11T16:02:33.734Z - info: Rebuilding 1 pages
2024-12-11T16:02:33.763Z - info: Site data built
2024-12-11T16:02:33.763Z - info: Pages rebuilt
2024-12-11T16:02:33.763Z - info: Website regeneration complete! Total build time: 0.03s
2024-12-11T16:02:38.377Z - info: [12:02:38 am] Reload for file change: C:\Users\javie\Projects\pdfix\docs\contents\commands.md
2024-12-11T16:02:39.384Z - info: Rebuilding 1 pages
2024-12-11T16:02:39.409Z - info: Site data built
2024-12-11T16:02:39.409Z - info: Pages rebuilt
2024-12-11T16:02:39.409Z - info: Website regeneration complete! Total build time: 0.026s
2024-12-11T16:02:43.029Z - info: [12:02:43 am] Reload for file change: C:\Users\javie\Projects\pdfix\docs\contents\commands.md
2024-12-11T16:02:44.036Z - info: Rebuilding 1 pages
2024-12-11T16:02:44.062Z - info: Site data built
2024-12-11T16:02:44.062Z - info: Pages rebuilt
2024-12-11T16:02:44.062Z - info: Website regeneration complete! Total build time: 0.027s
2024-12-11T16:02:48.036Z - info: [12:02:48 am] Reload for file change: C:\Users\javie\Projects\pdfix\docs\contents\commands.md
2024-12-11T16:02:49.052Z - info: Rebuilding 1 pages
2024-12-11T16:02:49.077Z - info: Site data built
2024-12-11T16:02:49.077Z - info: Pages rebuilt
2024-12-11T16:02:49.077Z - info: Website regeneration complete! Total build time: 0.026s
2024-12-11T16:02:59.001Z - info: [12:02:59 am] Reload for file change: C:\Users\javie\Projects\pdfix\docs\contents\commands.md
2024-12-11T16:03:00.004Z - info: Rebuilding 1 pages
2024-12-11T16:03:00.030Z - info: Site data built
2024-12-11T16:03:00.030Z - info: Pages rebuilt
2024-12-11T16:03:00.030Z - info: Website regeneration complete! Total build time: 0.027s
2024-12-11T16:03:02.557Z - info: [12:03:02 am] Reload for file change: C:\Users\javie\Projects\pdfix\docs\contents\commands.md
2024-12-11T16:03:03.568Z - info: Rebuilding 1 pages
2024-12-11T16:03:03.595Z - info: Site data built
2024-12-11T16:03:03.595Z - info: Pages rebuilt
2024-12-11T16:03:03.595Z - info: Website regeneration complete! Total build time: 0.028s
2024-12-11T16:03:21.698Z - info: [12:03:21 am] Reload for file change: C:\Users\javie\Projects\pdfix\docs\contents\commands.md
2024-12-11T16:03:22.711Z - info: Rebuilding 1 pages
2024-12-11T16:03:22.739Z - info: Site data built
2024-12-11T16:03:22.739Z - info: Pages rebuilt
2024-12-11T16:03:22.740Z - info: Website regeneration complete! Total build time: 0.029s
2024-12-11T16:03:47.038Z - info: [12:03:47 am] Reload for file change: C:\Users\javie\Projects\pdfix\docs\contents\commands.md
2024-12-11T16:03:48.053Z - info: Rebuilding 1 pages
2024-12-11T16:03:48.081Z - info: Site data built
2024-12-11T16:03:48.081Z - info: Pages rebuilt
2024-12-11T16:03:48.082Z - info: Website regeneration complete! Total build time: 0.029s
2024-12-11T16:03:54.722Z - info: [12:03:54 am] Reload for file change: C:\Users\javie\Projects\pdfix\docs\contents\commands.md
2024-12-11T16:03:55.731Z - info: Rebuilding 1 pages
2024-12-11T16:03:55.756Z - info: Site data built
2024-12-11T16:03:55.757Z - info: Pages rebuilt
2024-12-11T16:03:55.757Z - info: Website regeneration complete! Total build time: 0.027s
2024-12-11T16:03:56.226Z - info: [12:03:56 am] Reload for file change: C:\Users\javie\Projects\pdfix\docs\contents\commands.md
2024-12-11T16:03:57.238Z - info: Rebuilding 1 pages
2024-12-11T16:03:57.261Z - info: Site data built
2024-12-11T16:03:57.262Z - info: Pages rebuilt
2024-12-11T16:03:57.262Z - info: Website regeneration complete! Total build time: 0.025s
2024-12-11T16:03:59.862Z - info: [12:03:59 am] Reload for file change: C:\Users\javie\Projects\pdfix\docs\contents\commands.md
2024-12-11T16:04:00.869Z - info: Rebuilding 1 pages
2024-12-11T16:04:00.893Z - info: Site data built
2024-12-11T16:04:00.893Z - info: Pages rebuilt
2024-12-11T16:04:00.893Z - info: Website regeneration complete! Total build time: 0.025s
2024-12-11T16:04:03.611Z - info: [12:04:03 am] Reload for file change: C:\Users\javie\Projects\pdfix\docs\contents\commands.md
2024-12-11T16:04:04.622Z - info: Rebuilding 1 pages
2024-12-11T16:04:04.650Z - info: Site data built
2024-12-11T16:04:04.650Z - info: Pages rebuilt
2024-12-11T16:04:04.651Z - info: Website regeneration complete! Total build time: 0.029s
2024-12-11T16:04:32.382Z - info: [12:04:32 am] Reload for file change: C:\Users\javie\Projects\pdfix\docs\contents\commands.md
2024-12-11T16:04:33.397Z - info: Rebuilding 1 pages
2024-12-11T16:04:33.425Z - info: Site data built
2024-12-11T16:04:33.425Z - info: Pages rebuilt
2024-12-11T16:04:33.425Z - info: Website regeneration complete! Total build time: 0.029s
2024-12-11T16:05:49.452Z - info: [12:05:49 am] Reload for file change: C:\Users\javie\Projects\pdfix\docs\contents\commands.md
2024-12-11T16:05:50.468Z - info: Rebuilding 1 pages
2024-12-11T16:05:50.494Z - info: Site data built
2024-12-11T16:05:50.494Z - info: Pages rebuilt
2024-12-11T16:05:50.494Z - info: Website regeneration complete! Total build time: 0.027s
2024-12-11T16:06:04.263Z - info: [12:06:04 am] Reload for file change: C:\Users\javie\Projects\pdfix\docs\contents\commands.md
2024-12-11T16:06:05.275Z - info: Rebuilding 1 pages
2024-12-11T16:06:05.299Z - info: Site data built
2024-12-11T16:06:05.299Z - info: Pages rebuilt
2024-12-11T16:06:05.299Z - info: Website regeneration complete! Total build time: 0.025s
2024-12-11T16:06:24.502Z - info: [12:06:24 am] Reload for file change: C:\Users\javie\Projects\pdfix\docs\contents\commands.md
2024-12-11T16:06:25.509Z - info: Rebuilding 1 pages
2024-12-11T16:06:25.536Z - info: Site data built
2024-12-11T16:06:25.537Z - info: Pages rebuilt
2024-12-11T16:06:25.537Z - info: Website regeneration complete! Total build time: 0.029s
2024-12-11T16:06:31.343Z - info: [12:06:31 am] Reload for file change: C:\Users\javie\Projects\pdfix\docs\contents\commands.md
2024-12-11T16:06:32.358Z - info: Rebuilding 1 pages
2024-12-11T16:06:32.383Z - info: Site data built
2024-12-11T16:06:32.383Z - info: Pages rebuilt
2024-12-11T16:06:32.383Z - info: Website regeneration complete! Total build time: 0.026s
2024-12-11T16:06:34.153Z - info: [12:06:34 am] Reload for file change: C:\Users\javie\Projects\pdfix\docs\contents\commands.md
2024-12-11T16:06:35.166Z - info: Rebuilding 1 pages
2024-12-11T16:06:35.191Z - info: Site data built
2024-12-11T16:06:35.191Z - info: Pages rebuilt
2024-12-11T16:06:35.191Z - info: Website regeneration complete! Total build time: 0.026s
2024-12-11T16:06:35.417Z - info: [12:06:35 am] Reload for file change: C:\Users\javie\Projects\pdfix\docs\contents\commands.md
2024-12-11T16:06:36.427Z - info: Rebuilding 1 pages
2024-12-11T16:06:36.449Z - info: Site data built
2024-12-11T16:06:36.449Z - info: Pages rebuilt
2024-12-11T16:06:36.449Z - info: Website regeneration complete! Total build time: 0.023s
2024-12-11T16:06:43.758Z - info: [12:06:43 am] Reload for file change: C:\Users\javie\Projects\pdfix\docs\contents\commands.md
2024-12-11T16:06:44.764Z - info: Rebuilding 1 pages
2024-12-11T16:06:44.791Z - info: Site data built
2024-12-11T16:06:44.792Z - info: Pages rebuilt
2024-12-11T16:06:44.792Z - info: Website regeneration complete! Total build time: 0.029s
2024-12-11T16:06:47.520Z - info: [12:06:47 am] Reload for file change: C:\Users\javie\Projects\pdfix\docs\contents\commands.md
2024-12-11T16:06:48.526Z - info: Rebuilding 1 pages
2024-12-11T16:06:48.550Z - info: Site data built
2024-12-11T16:06:48.551Z - info: Pages rebuilt
2024-12-11T16:06:48.551Z - info: Website regeneration complete! Total build time: 0.026s
2024-12-11T16:07:08.939Z - info: [12:07:08 am] Reload for file change: C:\Users\javie\Projects\pdfix\docs\contents\commands.md
2024-12-11T16:07:09.944Z - info: Rebuilding 1 pages
2024-12-11T16:07:09.971Z - info: Site data built
2024-12-11T16:07:09.971Z - info: Pages rebuilt
2024-12-11T16:07:09.972Z - info: Website regeneration complete! Total build time: 0.028s
2024-12-11T16:07:15.198Z - info: [12:07:15 am] Reload for file change: C:\Users\javie\Projects\pdfix\docs\contents\commands.md
2024-12-11T16:07:16.208Z - info: Rebuilding 1 pages
2024-12-11T16:07:16.235Z - info: Site data built
2024-12-11T16:07:16.235Z - info: Pages rebuilt
2024-12-11T16:07:16.235Z - info: Website regeneration complete! Total build time: 0.028s
2024-12-11T16:07:28.429Z - info: [12:07:28 am] Reload for file change: C:\Users\javie\Projects\pdfix\docs\contents\commands.md
2024-12-11T16:07:29.433Z - info: Rebuilding 1 pages
2024-12-11T16:07:29.458Z - info: Site data built
2024-12-11T16:07:29.458Z - info: Pages rebuilt
2024-12-11T16:07:29.458Z - info: Website regeneration complete! Total build time: 0.026s
2024-12-11T16:07:29.863Z - info: [12:07:29 am] Reload for file change: C:\Users\javie\Projects\pdfix\docs\contents\commands.md
2024-12-11T16:07:30.878Z - info: Rebuilding 1 pages
2024-12-11T16:07:30.904Z - info: Site data built
2024-12-11T16:07:30.905Z - info: Pages rebuilt
2024-12-11T16:07:30.905Z - info: Website regeneration complete! Total build time: 0.028s
2024-12-11T16:07:58.615Z - info: [12:07:58 am] Reload for file change: C:\Users\javie\Projects\pdfix\docs\contents\commands.md
2024-12-11T16:07:59.630Z - info: Rebuilding 1 pages
2024-12-11T16:07:59.658Z - info: Site data built
2024-12-11T16:07:59.659Z - info: Pages rebuilt
2024-12-11T16:07:59.659Z - info: Website regeneration complete! Total build time: 0.03s
2024-12-11T16:08:00.348Z - info: [12:08:00 am] Reload for file change: C:\Users\javie\Projects\pdfix\docs\contents\commands.md
2024-12-11T16:08:01.365Z - info: Rebuilding 1 pages
2024-12-11T16:08:01.387Z - info: Site data built
2024-12-11T16:08:01.387Z - info: Pages rebuilt
2024-12-11T16:08:01.387Z - info: Website regeneration complete! Total build time: 0.023s
2024-12-11T16:08:13.146Z - info: [12:08:13 am] Reload for file change: C:\Users\javie\Projects\pdfix\docs\contents\commands.md
2024-12-11T16:08:14.159Z - info: Rebuilding 1 pages
2024-12-11T16:08:14.187Z - info: Site data built
2024-12-11T16:08:14.188Z - info: Pages rebuilt
2024-12-11T16:08:14.188Z - info: Website regeneration complete! Total build time: 0.03s
2024-12-11T16:08:19.016Z - info: [12:08:19 am] Reload for file change: C:\Users\javie\Projects\pdfix\docs\contents\commands.md
2024-12-11T16:08:20.031Z - info: Rebuilding 1 pages
2024-12-11T16:08:20.053Z - info: Site data built
2024-12-11T16:08:20.054Z - info: Pages rebuilt
2024-12-11T16:08:20.054Z - info: Website regeneration complete! Total build time: 0.024s
2024-12-11T16:08:26.649Z - info: [12:08:26 am] Reload for file change: C:\Users\javie\Projects\pdfix\docs\contents\commands.md
2024-12-11T16:08:27.664Z - info: Rebuilding 1 pages
2024-12-11T16:08:27.687Z - info: Site data built
2024-12-11T16:08:27.688Z - info: Pages rebuilt
2024-12-11T16:08:27.688Z - info: Website regeneration complete! Total build time: 0.025s
2024-12-11T16:08:31.903Z - info: [12:08:31 am] Reload for file change: C:\Users\javie\Projects\pdfix\docs\contents\commands.md
2024-12-11T16:08:32.917Z - info: Rebuilding 1 pages
2024-12-11T16:08:32.938Z - info: Site data built
2024-12-11T16:08:32.939Z - info: Pages rebuilt
2024-12-11T16:08:32.939Z - info: Website regeneration complete! Total build time: 0.023s
2024-12-11T16:09:01.434Z - info: [12:09:01 am] Reload for file change: C:\Users\javie\Projects\pdfix\docs\contents\commands.md
2024-12-11T16:09:02.441Z - info: Rebuilding 1 pages
2024-12-11T16:09:02.465Z - info: Site data built
2024-12-11T16:09:02.465Z - info: Pages rebuilt
2024-12-11T16:09:02.465Z - info: Website regeneration complete! Total build time: 0.025s
2024-12-11T16:09:02.810Z - info: [12:09:02 am] Reload for file change: C:\Users\javie\Projects\pdfix\docs\contents\commands.md
2024-12-11T16:09:03.815Z - info: Rebuilding 1 pages
2024-12-11T16:09:03.842Z - info: Site data built
2024-12-11T16:09:03.842Z - info: Pages rebuilt
2024-12-11T16:09:03.842Z - info: Website regeneration complete! Total build time: 0.029s
2024-12-11T16:09:14.741Z - info: [12:09:14 am] Reload for file change: C:\Users\javie\Projects\pdfix\docs\contents\commands.md
2024-12-11T16:09:15.749Z - info: Rebuilding 1 pages
2024-12-11T16:09:15.776Z - info: Site data built
2024-12-11T16:09:15.777Z - info: Pages rebuilt
2024-12-11T16:09:15.777Z - info: Website regeneration complete! Total build time: 0.029s
2024-12-11T16:09:25.891Z - info: [12:09:25 am] Reload for file change: C:\Users\javie\Projects\pdfix\docs\contents\commands.md
2024-12-11T16:09:26.899Z - info: Rebuilding 1 pages
2024-12-11T16:09:26.929Z - info: Site data built
2024-12-11T16:09:26.929Z - info: Pages rebuilt
2024-12-11T16:09:26.930Z - info: Website regeneration complete! Total build time: 0.031s
2024-12-11T16:09:39.107Z - info: [12:09:39 am] Reload for file change: C:\Users\javie\Projects\pdfix\docs\contents\commands.md
2024-12-11T16:09:40.117Z - info: Rebuilding 1 pages
2024-12-11T16:09:40.140Z - info: Site data built
2024-12-11T16:09:40.140Z - info: Pages rebuilt
2024-12-11T16:09:40.140Z - info: Website regeneration complete! Total build time: 0.025s
2024-12-11T16:09:49.282Z - info: [12:09:49 am] Reload for file change: C:\Users\javie\Projects\pdfix\docs\contents\commands.md
2024-12-11T16:09:50.051Z - info: [12:09:50 am] Reload for file change: C:\Users\javie\Projects\pdfix\docs\contents\commands.md
2024-12-11T16:09:50.285Z - info: Rebuilding 1 pages
2024-12-11T16:09:50.307Z - info: Site data built
2024-12-11T16:09:50.307Z - info: Pages rebuilt
2024-12-11T16:09:50.308Z - info: Website regeneration complete! Total build time: 0.023s
2024-12-11T16:10:36.803Z - info: [12:10:36 am] Reload for file change: C:\Users\javie\Projects\pdfix\docs\contents\commands.md
2024-12-11T16:10:37.812Z - info: Rebuilding 1 pages
2024-12-11T16:10:37.840Z - info: Site data built
2024-12-11T16:10:37.840Z - info: Pages rebuilt
2024-12-11T16:10:37.840Z - info: Website regeneration complete! Total build time: 0.03s
2024-12-11T16:10:53.090Z - info: [12:10:53 am] Reload for file change: C:\Users\javie\Projects\pdfix\docs\contents\commands.md
2024-12-11T16:10:54.105Z - info: Rebuilding 1 pages
2024-12-11T16:10:54.136Z - info: Site data built
2024-12-11T16:10:54.136Z - info: Pages rebuilt
2024-12-11T16:10:54.137Z - info: Website regeneration complete! Total build time: 0.031s
2024-12-11T16:11:14.378Z - info: [12:11:14 am] Reload for file change: C:\Users\javie\Projects\pdfix\docs\contents\commands.md
2024-12-11T16:11:15.389Z - info: Rebuilding 1 pages
2024-12-11T16:11:15.418Z - info: Site data built
2024-12-11T16:11:15.419Z - info: Pages rebuilt
2024-12-11T16:11:15.419Z - info: Website regeneration complete! Total build time: 0.031s
2024-12-11T16:11:34.548Z - info: [12:11:34 am] Reload for file change: C:\Users\javie\Projects\pdfix\docs\contents\commands.md
2024-12-11T16:11:35.561Z - info: Rebuilding 1 pages
2024-12-11T16:11:35.587Z - info: Site data built
2024-12-11T16:11:35.587Z - info: Pages rebuilt
2024-12-11T16:11:35.588Z - info: Website regeneration complete! Total build time: 0.027s
2024-12-11T16:11:38.102Z - info: [12:11:38 am] Reload for file change: C:\Users\javie\Projects\pdfix\docs\contents\commands.md
2024-12-11T16:11:39.109Z - info: Rebuilding 1 pages
2024-12-11T16:11:39.134Z - info: Site data built
2024-12-11T16:11:39.134Z - info: Pages rebuilt
2024-12-11T16:11:39.134Z - info: Website regeneration complete! Total build time: 0.026s
2024-12-11T16:11:39.363Z - info: [12:11:39 am] Reload for file change: C:\Users\javie\Projects\pdfix\docs\contents\commands.md
2024-12-11T16:11:40.374Z - info: Rebuilding 1 pages
2024-12-11T16:11:40.397Z - info: Site data built
2024-12-11T16:11:40.397Z - info: Pages rebuilt
2024-12-11T16:11:40.397Z - info: Website regeneration complete! Total build time: 0.024s
2024-12-11T16:11:47.049Z - info: [12:11:47 am] Reload for file change: C:\Users\javie\Projects\pdfix\docs\contents\commands.md
2024-12-11T16:11:48.060Z - info: Rebuilding 1 pages
2024-12-11T16:11:48.085Z - info: Site data built
2024-12-11T16:11:48.085Z - info: Pages rebuilt
2024-12-11T16:11:48.085Z - info: Website regeneration complete! Total build time: 0.026s
2024-12-11T16:11:52.830Z - info: [12:11:52 am] Reload for file change: C:\Users\javie\Projects\pdfix\docs\contents\commands.md
2024-12-11T16:11:53.839Z - info: Rebuilding 1 pages
2024-12-11T16:11:53.865Z - info: Site data built
2024-12-11T16:11:53.866Z - info: Pages rebuilt
2024-12-11T16:11:53.866Z - info: Website regeneration complete! Total build time: 0.028s
2024-12-11T16:12:05.156Z - info: [12:12:05 am] Reload for file change: C:\Users\javie\Projects\pdfix\docs\contents\commands.md
2024-12-11T16:12:06.169Z - info: Rebuilding 1 pages
2024-12-11T16:12:06.197Z - info: Site data built
2024-12-11T16:12:06.197Z - info: Pages rebuilt
2024-12-11T16:12:06.198Z - info: Website regeneration complete! Total build time: 0.03s
2024-12-11T16:12:16.610Z - info: [12:12:16 am] Reload for file change: C:\Users\javie\Projects\pdfix\docs\contents\commands.md
2024-12-11T16:12:17.622Z - info: Rebuilding 1 pages
2024-12-11T16:12:17.650Z - info: Site data built
2024-12-11T16:12:17.650Z - info: Pages rebuilt
2024-12-11T16:12:17.650Z - info: Website regeneration complete! Total build time: 0.029s
2024-12-11T16:12:24.614Z - info: [12:12:24 am] Reload for file change: C:\Users\javie\Projects\pdfix\docs\contents\commands.md
2024-12-11T16:12:25.625Z - info: Rebuilding 1 pages
2024-12-11T16:12:25.652Z - info: Site data built
2024-12-11T16:12:25.652Z - info: Pages rebuilt
2024-12-11T16:12:25.652Z - info: Website regeneration complete! Total build time: 0.028s
2024-12-11T16:13:01.850Z - info: [12:13:01 am] Reload for file change: C:\Users\javie\Projects\pdfix\docs\contents\commands.md
2024-12-11T16:13:02.857Z - info: Rebuilding 1 pages
2024-12-11T16:13:02.886Z - info: Site data built
2024-12-11T16:13:02.886Z - info: Pages rebuilt
2024-12-11T16:13:02.886Z - info: Website regeneration complete! Total build time: 0.03s
2024-12-11T16:13:09.009Z - info: [12:13:09 am] Reload for file change: C:\Users\javie\Projects\pdfix\docs\contents\commands.md
2024-12-11T16:13:10.025Z - info: Rebuilding 1 pages
2024-12-11T16:13:10.051Z - info: Site data built
2024-12-11T16:13:10.051Z - info: Pages rebuilt
2024-12-11T16:13:10.051Z - info: Website regeneration complete! Total build time: 0.028s
2024-12-11T16:13:23.041Z - info: [12:13:23 am] Reload for file change: C:\Users\javie\Projects\pdfix\docs\contents\commands.md
2024-12-11T16:13:24.055Z - info: Rebuilding 1 pages
2024-12-11T16:13:24.086Z - info: Site data built
2024-12-11T16:13:24.086Z - info: Pages rebuilt
2024-12-11T16:13:24.086Z - info: Website regeneration complete! Total build time: 0.032s
2024-12-11T16:13:41.169Z - info: [12:13:41 am] Reload for file change: C:\Users\javie\Projects\pdfix\docs\contents\commands.md
2024-12-11T16:13:42.173Z - info: Rebuilding 1 pages
2024-12-11T16:13:42.205Z - info: Site data built
2024-12-11T16:13:42.205Z - info: Pages rebuilt
2024-12-11T16:13:42.205Z - info: Website regeneration complete! Total build time: 0.033s
2024-12-11T16:13:46.843Z - info: [12:13:46 am] Reload for file change: C:\Users\javie\Projects\pdfix\docs\contents\commands.md
2024-12-11T16:13:47.859Z - info: Rebuilding 1 pages
2024-12-11T16:13:47.888Z - info: Site data built
2024-12-11T16:13:47.888Z - info: Pages rebuilt
2024-12-11T16:13:47.889Z - info: Website regeneration complete! Total build time: 0.03s
2024-12-11T16:13:59.232Z - info: [12:13:59 am] Reload for file change: C:\Users\javie\Projects\pdfix\docs\contents\commands.md
2024-12-11T16:14:00.243Z - info: Rebuilding 1 pages
2024-12-11T16:14:00.268Z - info: Site data built
2024-12-11T16:14:00.269Z - info: Pages rebuilt
2024-12-11T16:14:00.269Z - info: Website regeneration complete! Total build time: 0.027s
2024-12-11T16:14:03.878Z - info: [12:14:03 am] Reload for file change: C:\Users\javie\Projects\pdfix\docs\contents\commands.md
2024-12-11T16:14:04.886Z - info: Rebuilding 1 pages
2024-12-11T16:14:04.900Z - info: [12:14:04 am] Reload for file change: C:\Users\javie\Projects\pdfix\docs\contents\commands.md
2024-12-11T16:14:04.927Z - info: Site data built
2024-12-11T16:14:04.927Z - info: Pages rebuilt
2024-12-11T16:14:04.927Z - info: Website regeneration complete! Total build time: 0.042s
2024-12-11T16:14:05.910Z - info: Rebuilding 1 pages
2024-12-11T16:14:05.933Z - info: Site data built
2024-12-11T16:14:05.934Z - info: Pages rebuilt
2024-12-11T16:14:05.934Z - info: Website regeneration complete! Total build time: 0.025s
2024-12-11T16:14:26.091Z - info: [12:14:26 am] Reload for file change: C:\Users\javie\Projects\pdfix\docs\contents\commands.md
2024-12-11T16:14:27.096Z - info: Rebuilding 1 pages
2024-12-11T16:14:27.124Z - info: Site data built
2024-12-11T16:14:27.124Z - info: Pages rebuilt
2024-12-11T16:14:27.124Z - info: Website regeneration complete! Total build time: 0.029s
2024-12-11T16:15:46.154Z - info: [12:15:46 am] Reload for file change: C:\Users\javie\Projects\pdfix\docs\contents\commands.md
2024-12-11T16:15:47.162Z - info: Rebuilding 1 pages
2024-12-11T16:15:47.192Z - info: Site data built
2024-12-11T16:15:47.192Z - info: Pages rebuilt
2024-12-11T16:15:47.193Z - info: Website regeneration complete! Total build time: 0.031s
2024-12-11T16:16:55.845Z - info: [12:16:55 am] Reload for file change: C:\Users\javie\Projects\pdfix\docs\contents\commands.md
2024-12-11T16:16:56.849Z - info: Rebuilding 1 pages
2024-12-11T16:16:56.878Z - info: Site data built
2024-12-11T16:16:56.878Z - info: Pages rebuilt
2024-12-11T16:16:56.879Z - info: Website regeneration complete! Total build time: 0.031s
2024-12-11T16:17:46.214Z - info: [12:17:46 am] Reload for file change: C:\Users\javie\Projects\pdfix\docs\contents\commands.md
2024-12-11T16:17:47.227Z - info: Rebuilding 1 pages
2024-12-11T16:17:47.265Z - info: Site data built
2024-12-11T16:17:47.265Z - info: Pages rebuilt
2024-12-11T16:17:47.266Z - info: Website regeneration complete! Total build time: 0.039s
2024-12-11T16:18:13.983Z - info: [12:18:13 am] Reload for file change: C:\Users\javie\Projects\pdfix\docs\contents\commands.md
2024-12-11T16:18:14.999Z - info: Rebuilding 1 pages
2024-12-11T16:18:15.031Z - info: Site data built
2024-12-11T16:18:15.031Z - info: Pages rebuilt
2024-12-11T16:18:15.031Z - info: Website regeneration complete! Total build time: 0.032s
2024-12-11T16:18:28.417Z - info: [12:18:28 am] Reload for file change: C:\Users\javie\Projects\pdfix\docs\contents\commands.md
2024-12-11T16:18:29.419Z - info: Rebuilding 1 pages
2024-12-11T16:18:29.447Z - info: Site data built
2024-12-11T16:18:29.448Z - info: Pages rebuilt
2024-12-11T16:18:29.448Z - info: Website regeneration complete! Total build time: 0.03s
2024-12-11T16:18:32.856Z - info: [12:18:32 am] Reload for file change: C:\Users\javie\Projects\pdfix\docs\contents\commands.md
2024-12-11T16:18:33.857Z - info: Rebuilding 1 pages
2024-12-11T16:18:33.885Z - info: Site data built
2024-12-11T16:18:33.885Z - info: Pages rebuilt
2024-12-11T16:18:33.885Z - info: Website regeneration complete! Total build time: 0.029s
2024-12-11T16:18:44.421Z - info: [12:18:44 am] Reload for file change: C:\Users\javie\Projects\pdfix\docs\contents\commands.md
2024-12-11T16:18:45.436Z - info: Rebuilding 1 pages
2024-12-11T16:18:45.464Z - info: Site data built
2024-12-11T16:18:45.464Z - info: Pages rebuilt
2024-12-11T16:18:45.465Z - info: Website regeneration complete! Total build time: 0.029s
2024-12-11T16:18:48.994Z - info: [12:18:48 am] Reload for file change: C:\Users\javie\Projects\pdfix\docs\contents\commands.md
2024-12-11T16:18:50.003Z - info: Rebuilding 1 pages
2024-12-11T16:18:50.031Z - info: Site data built
2024-12-11T16:18:50.031Z - info: Pages rebuilt
2024-12-11T16:18:50.031Z - info: Website regeneration complete! Total build time: 0.03s
2024-12-11T16:18:51.474Z - info: [12:18:51 am] Reload for file change: C:\Users\javie\Projects\pdfix\docs\contents\commands.md
2024-12-11T16:18:52.487Z - info: Rebuilding 1 pages
2024-12-11T16:18:52.517Z - info: Site data built
2024-12-11T16:18:52.518Z - info: Pages rebuilt
2024-12-11T16:18:52.518Z - info: Website regeneration complete! Total build time: 0.033s
2024-12-11T16:18:56.414Z - info: [12:18:56 am] Reload for file change: C:\Users\javie\Projects\pdfix\docs\contents\commands.md
2024-12-11T16:18:57.419Z - info: Rebuilding 1 pages
2024-12-11T16:18:57.448Z - info: Site data built
2024-12-11T16:18:57.448Z - info: Pages rebuilt
2024-12-11T16:18:57.448Z - info: Website regeneration complete! Total build time: 0.03s
2024-12-11T16:19:32.211Z - info: [12:19:32 am] Reload for file change: C:\Users\javie\Projects\pdfix\docs\contents\commands.md
2024-12-11T16:19:33.214Z - info: Rebuilding 1 pages
2024-12-11T16:19:33.243Z - info: Site data built
2024-12-11T16:19:33.243Z - info: Pages rebuilt
2024-12-11T16:19:33.243Z - info: Website regeneration complete! Total build time: 0.03s
2024-12-11T16:20:14.015Z - info: [12:20:14 am] Reload for file change: C:\Users\javie\Projects\pdfix\docs\contents\commands.md
2024-12-11T16:20:15.031Z - info: Rebuilding 1 pages
2024-12-11T16:20:15.063Z - info: Site data built
2024-12-11T16:20:15.063Z - info: Pages rebuilt
2024-12-11T16:20:15.063Z - info: Website regeneration complete! Total build time: 0.033s
2024-12-11T16:20:19.059Z - info: [12:20:19 am] Reload for file change: C:\Users\javie\Projects\pdfix\docs\contents\commands.md
2024-12-11T16:20:20.072Z - info: Rebuilding 1 pages
2024-12-11T16:20:20.097Z - info: Site data built
2024-12-11T16:20:20.098Z - info: Pages rebuilt
2024-12-11T16:20:20.098Z - info: Website regeneration complete! Total build time: 0.027s
2024-12-11T16:20:32.595Z - info: [12:20:32 am] Reload for file change: C:\Users\javie\Projects\pdfix\docs\contents\commands.md
2024-12-11T16:20:33.600Z - info: Rebuilding 1 pages
2024-12-11T16:20:33.630Z - info: Site data built
2024-12-11T16:20:33.630Z - info: Pages rebuilt
2024-12-11T16:20:33.630Z - info: Website regeneration complete! Total build time: 0.031s
2024-12-11T16:20:36.377Z - info: [12:20:36 am] Reload for file change: C:\Users\javie\Projects\pdfix\docs\contents\commands.md
2024-12-11T16:20:37.378Z - info: Rebuilding 1 pages
2024-12-11T16:20:37.405Z - info: Site data built
2024-12-11T16:20:37.406Z - info: Pages rebuilt
2024-12-11T16:20:37.406Z - info: Website regeneration complete! Total build time: 0.029s
2024-12-11T16:20:48.116Z - info: [12:20:48 am] Reload for file change: C:\Users\javie\Projects\pdfix\docs\contents\commands.md
2024-12-11T16:20:49.132Z - info: Rebuilding 1 pages
2024-12-11T16:20:49.161Z - info: Site data built
2024-12-11T16:20:49.161Z - info: Pages rebuilt
2024-12-11T16:20:49.162Z - info: Website regeneration complete! Total build time: 0.03s
2024-12-11T16:21:18.613Z - info: [12:21:18 am] Reload for file change: C:\Users\javie\Projects\pdfix\docs\contents\commands.md
2024-12-11T16:21:19.628Z - info: Rebuilding 1 pages
2024-12-11T16:21:19.665Z - info: Site data built
2024-12-11T16:21:19.665Z - info: Pages rebuilt
2024-12-11T16:21:19.666Z - info: Website regeneration complete! Total build time: 0.039s
